Ansys Lumerical 2022 R1.4 Eigenmode Expansion Solver Version 7.19.3044 (Linux 64bit)
 expires (month/day/year): 5/2/2023
using config file: Ansys Licensing set with ANSYSLMD_LICENSE_FILE
license host: 1055@10.75.13.24
current time: seg mai 30 11:18:09 2022
Running on host: fotonica03-To-be-filled-by-O-E-M
Running lms file: /opt/lumerical/v221/bin/eme-engine -t 4 -remote -hide -shared-solve-license QU5TWVNDTF9DT05URVhUX0RBVEE9PEFOU1lTQ0xfQ09OVEVYVF9EQVRBPjxJRD41MGJkZWM2ZC1jZDM2LTRmODEtODgzNS04YzIzOGExM2EzZDg8L0lEPjxUWVBFPkFQUF9ERUZJTkVEPC9UWVBFPjxOQU1FPmx1bV9zdGFuZGFyZF9zb2x2ZV9zaGFyZTwvTkFNRT48SEFORExFUj40NTMzN0Bmb3RvbmljYTAzLVRvLWJlLWZpbGxlZC1ieS1PLUUtTTwvSEFORExFUj48L0FOU1lTQ0xfQ09OVEVYVF9EQVRBPgpBTlNZU19DT05URVhUX0lEPTUwYmRlYzZkLWNkMzYtNGY4MS04ODM1LThjMjM4YTEzYTNkOApBTlNZU19DT05URVhUX1NFUlZFUj00NTMzN0Bmb3RvbmljYTAzLVRvLWJlLWZpbGxlZC1ieS1PLUUtTQo= /media/lucas/datam01/LucasLobo/Design_MMI_LucasLobo/Lumerical/MMI2XN_s-parametersweep/s-parametersweep_1.lms
Running MODE Simulation
Starting meshing
Simulation size in gridpoints: 1 x 274 x 74
Refined 0 mesh cells (0%)
Completed meshing!
Meshing complete in 0.00846 seconds of CPU time
Starting meshing
Simulation size in gridpoints: 1 x 274 x 74
Refined 0 mesh cells (0%)
Completed meshing!
Meshing complete in 0.006872 seconds of CPU time
Starting meshing
Simulation size in gridpoints: 1 x 274 x 74
Refined 0 mesh cells (0%)
Completed meshing!
Meshing complete in 0.006658 seconds of CPU time
Starting meshing
Simulation size in gridpoints: 1 x 274 x 74
Refined 0 mesh cells (0%)
Completed meshing!
Meshing complete in 0.01741 seconds of CPU time
Starting meshing
Simulation size in gridpoints: 1 x 274 x 74
Refined 0 mesh cells (0%)
Completed meshing!
Meshing complete in 0.018549 seconds of CPU time
Starting meshing
Simulation size in gridpoints: 1 x 274 x 74
Refined 0 mesh cells (0%)
Completed meshing!
Meshing complete in 0.013767 seconds of CPU time
Starting meshing
Simulation size in gridpoints: 1 x 274 x 74
Refined 0 mesh cells (0%)
Completed meshing!
Meshing complete in 0.01576 seconds of CPU time
Starting meshing
Simulation size in gridpoints: 1 x 274 x 74
Refined 0 mesh cells (0%)
Completed meshing!
Meshing complete in 0.015332 seconds of CPU time
Starting meshing
Simulation size in gridpoints: 1 x 274 x 74
Refined 0 mesh cells (0%)
Completed meshing!
Meshing complete in 0.012738 seconds of CPU time
Starting meshing
Simulation size in gridpoints: 1 x 274 x 74
Refined 0 mesh cells (0%)
Completed meshing!
Meshing complete in 0.017092 seconds of CPU time
Starting meshing
Simulation size in gridpoints: 1 x 274 x 74
Refined 0 mesh cells (0%)
Completed meshing!
Meshing complete in 0.016485 seconds of CPU time
Starting meshing
Simulation size in gridpoints: 1 x 274 x 74
Refined 0 mesh cells (0%)
Completed meshing!
Meshing complete in 0.014318 seconds of CPU time
Starting meshing
Simulation size in gridpoints: 1 x 274 x 74
Refined 0 mesh cells (0%)
Completed meshing!
Meshing complete in 0.016963 seconds of CPU time
Starting meshing
Simulation size in gridpoints: 1 x 274 x 74
Refined 0 mesh cells (0%)
Completed meshing!
Meshing complete in 0.015702 seconds of CPU time
Starting meshing
Simulation size in gridpoints: 1 x 274 x 74
Refined 0 mesh cells (0%)
Completed meshing!
Meshing complete in 0.01419 seconds of CPU time
Starting meshing
Simulation size in gridpoints: 1 x 274 x 74
Refined 0 mesh cells (0%)
Completed meshing!
Meshing complete in 0.015266 seconds of CPU time
Starting meshing
Simulation size in gridpoints: 1 x 274 x 74
Refined 0 mesh cells (0%)
Completed meshing!
Meshing complete in 0.014705 seconds of CPU time
Starting meshing
Simulation size in gridpoints: 1 x 274 x 74
Refined 0 mesh cells (0%)
Completed meshing!
Meshing complete in 0.013719 seconds of CPU time
Starting meshing
Simulation size in gridpoints: 1 x 274 x 74
Refined 0 mesh cells (0%)
Completed meshing!
Meshing complete in 0.016008 seconds of CPU time
Starting meshing
Simulation size in gridpoints: 1 x 274 x 74
Refined 0 mesh cells (0%)
Completed meshing!
Meshing complete in 0.014684 seconds of CPU time
Starting meshing
Simulation size in gridpoints: 1 x 274 x 74
Refined 0 mesh cells (0%)
Completed meshing!
Meshing complete in 0.013265 seconds of CPU time
Starting meshing
Simulation size in gridpoints: 1 x 274 x 74
Refined 0 mesh cells (0%)
Completed meshing!
Meshing complete in 0.019361 seconds of CPU time
Starting meshing
Simulation size in gridpoints: 1 x 274 x 74
Refined 0 mesh cells (0%)
Completed meshing!
Meshing complete in 0.015067 seconds of CPU time
Starting meshing
Simulation size in gridpoints: 1 x 274 x 74
Refined 0 mesh cells (0%)
Completed meshing!
Meshing complete in 0.013509 seconds of CPU time
Starting meshing
Simulation size in gridpoints: 1 x 274 x 74
Refined 0 mesh cells (0%)
Completed meshing!
Meshing complete in 0.015844 seconds of CPU time
Starting meshing
Simulation size in gridpoints: 1 x 274 x 74
Refined 0 mesh cells (0%)
Completed meshing!
Meshing complete in 0.015776 seconds of CPU time
Starting meshing
Simulation size in gridpoints: 1 x 274 x 74
Refined 0 mesh cells (0%)
Completed meshing!
Meshing complete in 0.014616 seconds of CPU time
Starting meshing
Simulation size in gridpoints: 1 x 274 x 74
Refined 0 mesh cells (0%)
Completed meshing!
Meshing complete in 0.013818 seconds of CPU time
Starting meshing
Simulation size in gridpoints: 1 x 274 x 74
Refined 0 mesh cells (0%)
Completed meshing!
Meshing complete in 0.016217 seconds of CPU time
Starting meshing
Simulation size in gridpoints: 1 x 274 x 74
Refined 0 mesh cells (0%)
Completed meshing!
Meshing complete in 0.012222 seconds of CPU time
Starting meshing
Simulation size in gridpoints: 1 x 274 x 74
Refined 0 mesh cells (0%)
Completed meshing!
Meshing complete in 0.01147 seconds of CPU time
Starting meshing
Simulation size in gridpoints: 1 x 274 x 74
Refined 0 mesh cells (0%)
Completed meshing!
Meshing complete in 0.010263 seconds of CPU time
Starting meshing
Simulation size in gridpoints: 1 x 274 x 74
Refined 0 mesh cells (0%)
Completed meshing!
Meshing complete in 0.010496 seconds of CPU time
Starting meshing
Simulation size in gridpoints: 1 x 274 x 74
Refined 0 mesh cells (0%)
Completed meshing!
Meshing complete in 0.010962 seconds of CPU time
Starting meshing
Simulation size in gridpoints: 1 x 274 x 74
Refined 0 mesh cells (0%)
Completed meshing!
Meshing complete in 0.012105 seconds of CPU time
Starting meshing
Simulation size in gridpoints: 1 x 274 x 74
Refined 0 mesh cells (0%)
Completed meshing!
Meshing complete in 0.009791 seconds of CPU time
Starting meshing
Simulation size in gridpoints: 1 x 274 x 74
Refined 0 mesh cells (0%)
Completed meshing!
Meshing complete in 0.010779 seconds of CPU time
Starting meshing
Simulation size in gridpoints: 1 x 274 x 74
Refined 0 mesh cells (0%)
Completed meshing!
Meshing complete in 0.011115 seconds of CPU time
Starting meshing
Simulation size in gridpoints: 1 x 274 x 74
Refined 0 mesh cells (0%)
Completed meshing!
Meshing complete in 0.01034 seconds of CPU time
Starting meshing
Simulation size in gridpoints: 1 x 274 x 74
Refined 0 mesh cells (0%)
Completed meshing!
Meshing complete in 0.011047 seconds of CPU time
Starting meshing
Simulation size in gridpoints: 1 x 274 x 74
Refined 0 mesh cells (0%)
Completed meshing!
Meshing complete in 0.011148 seconds of CPU time
Starting meshing
Simulation size in gridpoints: 1 x 274 x 74
Refined 0 mesh cells (0%)
Completed meshing!
Meshing complete in 0.010886 seconds of CPU time
Starting meshing
Simulation size in gridpoints: 1 x 274 x 74
Refined 0 mesh cells (0%)
Completed meshing!
Meshing complete in 0.011244 seconds of CPU time
Starting meshing
Simulation size in gridpoints: 1 x 274 x 74
Refined 0 mesh cells (0%)
Completed meshing!
Meshing complete in 0.011136 seconds of CPU time
Starting meshing
Simulation size in gridpoints: 1 x 274 x 74
Refined 0 mesh cells (0%)
Completed meshing!
Meshing complete in 0.010428 seconds of CPU time
Starting meshing
Simulation size in gridpoints: 1 x 274 x 74
Refined 0 mesh cells (0%)
Completed meshing!
Meshing complete in 0.011632 seconds of CPU time
Starting meshing
Simulation size in gridpoints: 1 x 274 x 74
Refined 0 mesh cells (0%)
Completed meshing!
Meshing complete in 0.01036 seconds of CPU time
Starting meshing
Simulation size in gridpoints: 1 x 274 x 74
Refined 0 mesh cells (0%)
Completed meshing!
Meshing complete in 0.01082 seconds of CPU time
